Removed Pin From Net: NetName=FT_SIWU Pin=RN5-15
Removed Pin From Net: NetName=FT_WR Pin=RN5-16
Added Component: Designator=P9(HDR1X3)
Add component. Clean all parameters for all variants
Add component (AddParameter): Name = "LatestRevisionDate"; Value = "17-Jul-2002"; VariantName = "[No Variations]"
Add component (AddParameter): Name = "LatestRevisionNote"; Value = "Re-released for DXP Platform."; VariantName = "[No Variations]"
Add component (AddParameter): Name = "Publisher"; Value = "Altium Limited"; VariantName = "[No Variations]"
Added Component: Designator=P10(HDR1X3)
Add component. Clean all parameters for all variants
Add component (AddParameter): Name = "LatestRevisionDate"; Value = "17-Jul-2002"; VariantName = "[No Variations]"
Add component (AddParameter): Name = "LatestRevisionNote"; Value = "Re-released for DXP Platform."; VariantName = "[No Variations]"
Add component (AddParameter): Name = "Publisher"; Value = "Altium Limited"; VariantName = "[No Variations]"
Added Component: Designator=R52(RESC1607X60N)
Add component. Clean all parameters for all variants
Add component (AddParameter): Name = "Case Code"; Value = "0603"; VariantName = "[No Variations]"
Add component (AddParameter): Name = "Component Name"; Value = "Res"; VariantName = "[No Variations]"
Add component (AddParameter): Name = "Created By"; Value = "Daoming Dong"; VariantName = "[No Variations]"
Add component (AddParameter): Name = "Datasheet URL."; Value = "https://www.mouser.co.uk/datasheet/2/447/PYu-SR_20105_RoHS_L_7-1488668.pdf"; VariantName = "[No Variations]"
Add component (AddParameter): Name = "Date Created"; Value = "02-Mar-2019"; VariantName = "[No Variations]"
Add component (AddParameter): Name = "Manufacture"; Value = "Yageo"; VariantName = "[No Variations]"
Add component (AddParameter): Name = "Manufacture No."; Value = "SR0603KR-07100KL"; VariantName = "[No Variations]"
Add component (AddParameter): Name = "Mouser No."; Value = "603-SR0603KR-07100KL"; VariantName = "[No Variations]"
Add component (AddParameter): Name = "Value"; Value = "100K"; VariantName = "[No Variations]"
Added Pin To Net: NetName=FT_SIWU Pin=P9-3
Added Pin To Net: NetName=FT_WR Pin=P10-3
Added Pin To Net: NetName=VCC_3V3 Pin=R52-1
Change Net Name : Old Net Name=NetP4_1 New Net Name=GND_PULLDOWN
Added Pin To Net: NetName=SIWU_N2 Pin=P9-2
Added Pin To Net: NetName=SIWU_N2 Pin=RN5-15
Added Net: Name=SIWU_N2
Added Pin To Net: NetName=VCC_3V3_PULLUP Pin=P9-1
Added Pin To Net: NetName=VCC_3V3_PULLUP Pin=P10-1
Added Pin To Net: NetName=VCC_3V3_PULLUP Pin=R52-2
Added Net: Name=VCC_3V3_PULLUP
Added Pin To Net: NetName=WR_N2 Pin=P10-2
Added Pin To Net: NetName=WR_N2 Pin=RN5-16
Added Net: Name=WR_N2
Added Member To Class: ClassName=FT601 Member=Component P9 Header 3
Added Member To Class: ClassName=FT601 Member=Component P10 Header 3
Added Member To Class: ClassName=FT601 Member=Component R52 SR0603KR-07100KL
