Removed Pin From Net: NetName=FT_TXE Pin=RN5-13
Removed Pin From Net: NetName=FT_RXF Pin=RN5-14
Removed Pin From Net: NetName=GND Pin=U8-4
Removed Pin From Net: NetName=GND Pin=U8-5
Removed Pin From Net: NetName=GND Pin=U8-6
Removed Pin From Net: NetName=GND Pin=U8-7
Added Component: Designator=R53(RESC1607X60N)
Add component. Clean all parameters for all variants
Add component (AddParameter): Name = "Case Code"; Value = "0603"; VariantName = "[No Variations]"
Add component (AddParameter): Name = "Component Name"; Value = "Res"; VariantName = "[No Variations]"
Add component (AddParameter): Name = "Created By"; Value = "Daoming Dong"; VariantName = "[No Variations]"
Add component (AddParameter): Name = "Datasheet URL."; Value = "https://www.mouser.co.uk/datasheet/2/447/PYu-SR_20105_RoHS_L_7-1488668.pdf"; VariantName = "[No Variations]"
Add component (AddParameter): Name = "Date Created"; Value = "02-Mar-2019"; VariantName = "[No Variations]"
Add component (AddParameter): Name = "Manufacture"; Value = "Yageo"; VariantName = "[No Variations]"
Add component (AddParameter): Name = "Manufacture No."; Value = "SR0603KR-07100KL"; VariantName = "[No Variations]"
Add component (AddParameter): Name = "Mouser No."; Value = "603-SR0603KR-07100KL"; VariantName = "[No Variations]"
Add component (AddParameter): Name = "Value"; Value = "100K"; VariantName = "[No Variations]"
Added Pin To Net: NetName=GND Pin=R53-1
Added Pin To Net: NetName=NetR53_2 Pin=R53-2
Added Pin To Net: NetName=NetR53_2 Pin=U8-4
Added Pin To Net: NetName=NetR53_2 Pin=U8-5
Added Pin To Net: NetName=NetR53_2 Pin=U8-6
Added Pin To Net: NetName=NetR53_2 Pin=U8-7
Added Net: Name=NetR53_2
Added Member To Class: ClassName=FT601 Member=Component R53 SR0603KR-07100KL
